<?xml version="1.0" encoding="UTF-8" ?>
<testsuite failures="1" time="33.677" errors="0" skipped="0" tests="1" name="TestSuite">
  <properties>
    <property name="java.runtime.name" value="Java(TM) SE Runtime Environment"/>
    <property name="sun.boot.library.path" value="/Library/Java/JavaVirtualMachines/jdk1.7.0_79.jdk/Contents/Home/jre/lib"/>
    <property name="java.vm.version" value="24.79-b02"/>
    <property name="gopherProxySet" value="false"/>
    <property name="java.vm.vendor" value="Oracle Corporation"/>
    <property name="java.vendor.url" value="http://java.oracle.com/"/>
    <property name="path.separator" value=":"/>
    <property name="java.vm.name" value="Java HotSpot(TM) 64-Bit Server VM"/>
    <property name="file.encoding.pkg" value="sun.io"/>
    <property name="user.country" value="CN"/>
    <property name="sun.java.launcher" value="SUN_STANDARD"/>
    <property name="sun.os.patch.level" value="unknown"/>
    <property name="java.vm.specification.name" value="Java Virtual Machine Specification"/>
    <property name="user.dir" value="/Users/iosTest/Desktop/bai/Workspaces/lechengproject/lecheng"/>
    <property name="java.runtime.version" value="1.7.0_79-b15"/>
    <property name="java.awt.graphicsenv" value="sun.awt.CGraphicsEnvironment"/>
    <property name="basedir" value="/Users/iosTest/Desktop/bai/Workspaces/lechengproject/lecheng"/>
    <property name="java.endorsed.dirs" value="/Library/Java/JavaVirtualMachines/jdk1.7.0_79.jdk/Contents/Home/jre/lib/endorsed"/>
    <property name="os.arch" value="x86_64"/>
    <property name="surefire.real.class.path" value="/var/folders/f1/wftxfrrj0y994bpj1rdrfrs00000gn/T/surefirebooter4400370032266399299.jar"/>
    <property name="java.io.tmpdir" value="/var/folders/f1/wftxfrrj0y994bpj1rdrfrs00000gn/T/"/>
    <property name="line.separator" value="
"/>
    <property name="java.vm.specification.vendor" value="Oracle Corporation"/>
    <property name="os.name" value="Mac OS X"/>
    <property name="sun.jnu.encoding" value="UTF-8"/>
    <property name="java.library.path" value="/Users/iosTest/Library/Java/Extensions:/Library/Java/Extensions:/Network/Library/Java/Extensions:/System/Library/Java/Extensions:/usr/lib/java:."/>
    <property name="surefire.test.class.path" value="/Users/iosTest/Desktop/bai/Workspaces/lechengproject/lecheng/target/test-classes:/Users/iosTest/Desktop/bai/Workspaces/lechengproject/lecheng/target/classes:/Users/iosTest/.m2/repository/log4j/log4j/1.2.17/log4j-1.2.17.jar:/Users/iosTest/.m2/repository/org/testng/testng/6.8.7/testng-6.8.7.jar:/Users/iosTest/.m2/repository/junit/junit/4.10/junit-4.10.jar:/Users/iosTest/.m2/repository/org/hamcrest/hamcrest-core/1.1/hamcrest-core-1.1.jar:/Users/iosTest/.m2/repository/org/beanshell/bsh/2.0b4/bsh-2.0b4.jar:/Users/iosTest/.m2/repository/com/beust/jcommander/1.27/jcommander-1.27.jar:/Users/iosTest/.m2/repository/org/yaml/snakeyaml/1.12/snakeyaml-1.12.jar:/Users/iosTest/.m2/repository/net/sf/json-lib/json-lib/2.4/json-lib-2.4-jdk15.jar:/Users/iosTest/.m2/repository/commons-collections/commons-collections/3.2.1/commons-collections-3.2.1.jar:/Users/iosTest/.m2/repository/commons-lang/commons-lang/2.5/commons-lang-2.5.jar:/Users/iosTest/.m2/repository/commons-logging/commons-logging/1.1.1/commons-logging-1.1.1.jar:/Users/iosTest/.m2/repository/net/sf/ezmorph/ezmorph/1.0.6/ezmorph-1.0.6.jar:/Users/iosTest/.m2/repository/net/sf/saxon/saxon/8.7/saxon-8.7.jar:/Users/iosTest/.m2/repository/commons-beanutils/commons-beanutils/1.8.3/commons-beanutils-1.8.3.jar:/Users/iosTest/.m2/repository/commons-io/commons-io/1.3.2/commons-io-1.3.2.jar:/Users/iosTest/.m2/repository/net/sourceforge/jexcelapi/jxl/2.6.12/jxl-2.6.12.jar:/Users/iosTest/.m2/repository/org/apache/poi/poi/3.10-FINAL/poi-3.10-FINAL.jar:/Users/iosTest/.m2/repository/commons-codec/commons-codec/1.5/commons-codec-1.5.jar:"/>
    <property name="java.specification.name" value="Java Platform API Specification"/>
    <property name="java.class.version" value="51.0"/>
    <property name="sun.management.compiler" value="HotSpot 64-Bit Tiered Compilers"/>
    <property name="os.version" value="10.11.3"/>
    <property name="user.home" value="/Users/iosTest"/>
    <property name="user.timezone" value="Asia/Chongqing"/>
    <property name="java.awt.printerjob" value="sun.lwawt.macosx.CPrinterJob"/>
    <property name="java.specification.version" value="1.7"/>
    <property name="file.encoding" value="UTF-8"/>
    <property name="user.name" value="iosTest"/>
    <property name="java.class.path" value="/Users/iosTest/Desktop/bai/Workspaces/lechengproject/lecheng/target/test-classes:/Users/iosTest/Desktop/bai/Workspaces/lechengproject/lecheng/target/classes:/Users/iosTest/.m2/repository/log4j/log4j/1.2.17/log4j-1.2.17.jar:/Users/iosTest/.m2/repository/org/testng/testng/6.8.7/testng-6.8.7.jar:/Users/iosTest/.m2/repository/junit/junit/4.10/junit-4.10.jar:/Users/iosTest/.m2/repository/org/hamcrest/hamcrest-core/1.1/hamcrest-core-1.1.jar:/Users/iosTest/.m2/repository/org/beanshell/bsh/2.0b4/bsh-2.0b4.jar:/Users/iosTest/.m2/repository/com/beust/jcommander/1.27/jcommander-1.27.jar:/Users/iosTest/.m2/repository/org/yaml/snakeyaml/1.12/snakeyaml-1.12.jar:/Users/iosTest/.m2/repository/net/sf/json-lib/json-lib/2.4/json-lib-2.4-jdk15.jar:/Users/iosTest/.m2/repository/commons-collections/commons-collections/3.2.1/commons-collections-3.2.1.jar:/Users/iosTest/.m2/repository/commons-lang/commons-lang/2.5/commons-lang-2.5.jar:/Users/iosTest/.m2/repository/commons-logging/commons-logging/1.1.1/commons-logging-1.1.1.jar:/Users/iosTest/.m2/repository/net/sf/ezmorph/ezmorph/1.0.6/ezmorph-1.0.6.jar:/Users/iosTest/.m2/repository/net/sf/saxon/saxon/8.7/saxon-8.7.jar:/Users/iosTest/.m2/repository/commons-beanutils/commons-beanutils/1.8.3/commons-beanutils-1.8.3.jar:/Users/iosTest/.m2/repository/commons-io/commons-io/1.3.2/commons-io-1.3.2.jar:/Users/iosTest/.m2/repository/net/sourceforge/jexcelapi/jxl/2.6.12/jxl-2.6.12.jar:/Users/iosTest/.m2/repository/org/apache/poi/poi/3.10-FINAL/poi-3.10-FINAL.jar:/Users/iosTest/.m2/repository/commons-codec/commons-codec/1.5/commons-codec-1.5.jar:"/>
    <property name="java.vm.specification.version" value="1.7"/>
    <property name="sun.arch.data.model" value="64"/>
    <property name="java.home" value="/Library/Java/JavaVirtualMachines/jdk1.7.0_79.jdk/Contents/Home/jre"/>
    <property name="sun.java.command" value="/var/folders/f1/wftxfrrj0y994bpj1rdrfrs00000gn/T/surefirebooter4400370032266399299.jar /var/folders/f1/wftxfrrj0y994bpj1rdrfrs00000gn/T/surefire4562593257281807139tmp /var/folders/f1/wftxfrrj0y994bpj1rdrfrs00000gn/T/surefire6981086065353825686tmp"/>
    <property name="java.specification.vendor" value="Oracle Corporation"/>
    <property name="user.language" value="zh"/>
    <property name="awt.toolkit" value="sun.lwawt.macosx.LWCToolkit"/>
    <property name="java.vm.info" value="mixed mode"/>
    <property name="java.version" value="1.7.0_79"/>
    <property name="java.ext.dirs" value="/Users/iosTest/Library/Java/Extensions:/Library/Java/JavaVirtualMachines/jdk1.7.0_79.jdk/Contents/Home/jre/lib/ext:/Library/Java/Extensions:/Network/Library/Java/Extensions:/System/Library/Java/Extensions:/usr/lib/java"/>
    <property name="sun.boot.class.path" value="/Library/Java/JavaVirtualMachines/jdk1.7.0_79.jdk/Contents/Home/jre/lib/resources.jar:/Library/Java/JavaVirtualMachines/jdk1.7.0_79.jdk/Contents/Home/jre/lib/rt.jar:/Library/Java/JavaVirtualMachines/jdk1.7.0_79.jdk/Contents/Home/jre/lib/sunrsasign.jar:/Library/Java/JavaVirtualMachines/jdk1.7.0_79.jdk/Contents/Home/jre/lib/jsse.jar:/Library/Java/JavaVirtualMachines/jdk1.7.0_79.jdk/Contents/Home/jre/lib/jce.jar:/Library/Java/JavaVirtualMachines/jdk1.7.0_79.jdk/Contents/Home/jre/lib/charsets.jar:/Library/Java/JavaVirtualMachines/jdk1.7.0_79.jdk/Contents/Home/jre/lib/jfr.jar:/Library/Java/JavaVirtualMachines/jdk1.7.0_79.jdk/Contents/Home/jre/classes"/>
    <property name="java.vendor" value="Oracle Corporation"/>
    <property name="localRepository" value="/Users/iosTest/.m2/repository"/>
    <property name="file.separator" value="/"/>
    <property name="java.vendor.url.bug" value="http://bugreport.sun.com/bugreport/"/>
    <property name="sun.cpu.endian" value="little"/>
    <property name="sun.io.unicode.encoding" value="UnicodeBig"/>
    <property name="sun.cpu.isalist" value=""/>
  </properties>
  <testcase time="27.712" classname="test.lecheng.login.TheLoginTest" name="toLoginTest on test.lecheng.login.TheLoginTest[name=InstrumentDriverTestCase,maxpri=10]">
    <failure message="3" type="java.lang.ArrayIndexOutOfBoundsException">java.lang.ArrayIndexOutOfBoundsException: 3
	at carsmart.lecheng.login.Login.toLogin(Login.java:35)
	at test.lecheng.login.TheLoginTest.toLoginTest(TheLoginTest.java:26)
</failure>
    <system-err>some commands from BufferReader,send to Mysocket
/Applications/Xcode.app/Contents/Developer
some commands from BufferReader,send to Mysocket
/Applications/Xcode.app/Contents/Developer/../Applications/Instruments.app/Contents/PlugIns/AutomationInstrument.xrplugin/Contents/Resources/Automation.tracetemplate
some commands from BufferReader,send to Mysocket
instruments -w 076dbbea77c62e6d984fc45a97612f34b01cf401 -t /Applications/Xcode.app/Contents/Developer/../Applications/Instruments.app/Contents/PlugIns/AutomationInstrument.xrplugin/Contents/Resources/Automation.tracetemplate -D instrumentsDriver /Users/iosTest/Desktop/APP/v1.5.0/WeiBo.app -e UIASCRIPT /Users/iosTest/InstrumentDriver/CSRunner.js -e UIARESULTSPATH /Users/iosTest/InstrumentDriver/log/ -v
some commands from BufferReader,send to Mysocket
2016-12-06 07:59:07 Start: The case is running.
some commands from BufferReader,send to Mysocket
2016-12-06 07:59:08 Default: stdout : voidType##target.delay(1)
some commands from BufferReader,send to Mysocket

some commands from BufferReader,send to Mysocket
2016-12-06 07:59:09 Default: sendToServer [Step : 2]true
some commands from BufferReader,send to Mysocket
2016-12-06 07:59:10 Default: stdout : stringType##findElement(&apos;win&apos;,&apos;登&apos;,0,&apos;UIAButton&apos;)
some commands from BufferReader,send to Mysocket

some commands from BufferReader,send to Mysocket
2016-12-06 07:59:10 Default: sendToServer [Step : 3]UIAElementNil

UIAElementNil. 元素 win 下，根据条件: text =&apos;登&apos;,index =0,elmentType =&apos;UIAButton&apos; 未能找到对应元素!
some commands from BufferReader,send to Mysocket
2016-12-06 07:59:11 Default: stdout : JSONArray##win.buttons()
some commands from BufferReader,send to Mysocket

</system-err>
  </testcase>
</testsuite>