<?xml version="1.0" encoding="UTF-8"?>
<!-- Generated by org.testng.reporters.JUnitReportReporter -->
<testsuite hostname="wudeiMac.local" name="test.lecheng.security.TheSecurityTest" tests="4" failures="0" timestamp="9 Sep 2014 08:50:44 GMT" time="306.444" errors="0">
  <testcase name="toSwitchTest" time="67.001" classname="test.lecheng.security.TheSecurityTest"/>
  <testcase name="toSwitchTest" time="126.921" classname="test.lecheng.security.TheSecurityTest"/>
  <testcase name="toSwitchTest" time="62.137" classname="test.lecheng.security.TheSecurityTest"/>
  <testcase name="toSwitchTest" time="50.385" classname="test.lecheng.security.TheSecurityTest"/>
</testsuite> <!-- test.lecheng.security.TheSecurityTest -->
