<?xml version="1.0" encoding="UTF-8"?>
<!-- Generated by org.testng.reporters.JUnitReportReporter -->
<testsuite hostname="wudeiMac.local" name="test.lecheng.diagnose.TheNotConOBD" tests="4" failures="0" timestamp="9 Sep 2014 07:51:46 GMT" time="174.699" errors="0">
  <testcase name="toNotConOBDTest" time="55.082" classname="test.lecheng.diagnose.TheNotConOBD"/>
  <testcase name="toNotConOBDTest" time="41.393" classname="test.lecheng.diagnose.TheNotConOBD"/>
  <testcase name="toNotConOBDTest" time="27.741" classname="test.lecheng.diagnose.TheNotConOBD"/>
  <testcase name="toNotConOBDTest" time="50.483" classname="test.lecheng.diagnose.TheNotConOBD"/>
</testsuite> <!-- test.lecheng.diagnose.TheNotConOBD -->
