<?xml version="1.0" encoding="UTF-8"?>
<!-- Generated by org.testng.reporters.JUnitReportReporter -->
<testsuite hostname="wudeiMac.local" name="test.lecheng.report.TheCarReportTest" tests="12" failures="0" timestamp="9 Sep 2014 07:51:46 GMT" time="586.449" errors="0">
  <testcase name="toCarReportTest" time="51.276" classname="test.lecheng.report.TheCarReportTest"/>
  <testcase name="toCarReportTest" time="44.724" classname="test.lecheng.report.TheCarReportTest"/>
  <testcase name="toCarReportTest" time="47.112" classname="test.lecheng.report.TheCarReportTest"/>
  <testcase name="toCarReportTest" time="44.899" classname="test.lecheng.report.TheCarReportTest"/>
  <testcase name="toCarReportTest" time="43.708" classname="test.lecheng.report.TheCarReportTest"/>
  <testcase name="toCarReportTest" time="45.637" classname="test.lecheng.report.TheCarReportTest"/>
  <testcase name="toCarReportTest" time="62.193" classname="test.lecheng.report.TheCarReportTest"/>
  <testcase name="toCarReportTest" time="53.554" classname="test.lecheng.report.TheCarReportTest"/>
  <testcase name="toCarReportTest" time="55.550" classname="test.lecheng.report.TheCarReportTest"/>
  <testcase name="toCarReportTest" time="49.862" classname="test.lecheng.report.TheCarReportTest"/>
  <testcase name="toCarReportTest" time="43.789" classname="test.lecheng.report.TheCarReportTest"/>
  <testcase name="toCarReportTest" time="44.145" classname="test.lecheng.report.TheCarReportTest"/>
</testsuite> <!-- test.lecheng.report.TheCarReportTest -->
